0 info it worked if it ends with ok
1 verbose cli [ 'C:\\WORKSPACE_PERSO\\vrRanking\\target\\node\\node.exe',
1 verbose cli   'C:\\WORKSPACE_PERSO\\vrRanking\\target\\node\\node_modules\\npm\\bin\\npm-cli.js',
1 verbose cli   'install' ]
2 info using npm@3.9.2
3 info using node@v7.2.0
4 silly loadCurrentTree Starting
5 silly install loadCurrentTree
6 silly install readLocalPackageData
7 silly install normalizeTree
8 silly loadCurrentTree Finishing
9 silly loadIdealTree Starting
10 silly install loadIdealTree
11 silly cloneCurrentTree Starting
12 silly install cloneCurrentTreeToIdealTree
13 silly cloneCurrentTree Finishing
14 silly loadShrinkwrap Starting
15 silly install loadShrinkwrap
16 silly loadShrinkwrap Finishing
17 silly loadAllDepsIntoIdealTree Starting
18 silly install loadAllDepsIntoIdealTree
19 silly fetchNamedPackageData react
20 silly mapToRegistry name react
21 silly mapToRegistry using default registry
22 silly mapToRegistry registry https://registry.npmjs.org/
23 silly mapToRegistry data Result {
23 silly mapToRegistry   raw: 'react',
23 silly mapToRegistry   scope: null,
23 silly mapToRegistry   name: 'react',
23 silly mapToRegistry   rawSpec: '',
23 silly mapToRegistry   spec: 'latest',
23 silly mapToRegistry   type: 'tag' }
24 silly mapToRegistry uri https://registry.npmjs.org/react
25 silly fetchNamedPackageData react-dom
26 silly mapToRegistry name react-dom
27 silly mapToRegistry using default registry
28 silly mapToRegistry registry https://registry.npmjs.org/
29 silly mapToRegistry data Result {
29 silly mapToRegistry   raw: 'react-dom',
29 silly mapToRegistry   scope: null,
29 silly mapToRegistry   name: 'react-dom',
29 silly mapToRegistry   rawSpec: '',
29 silly mapToRegistry   spec: 'latest',
29 silly mapToRegistry   type: 'tag' }
30 silly mapToRegistry uri https://registry.npmjs.org/react-dom
31 silly fetchNamedPackageData rest
32 silly mapToRegistry name rest
33 silly mapToRegistry using default registry
34 silly mapToRegistry registry https://registry.npmjs.org/
35 silly mapToRegistry data Result {
35 silly mapToRegistry   raw: 'rest',
35 silly mapToRegistry   scope: null,
35 silly mapToRegistry   name: 'rest',
35 silly mapToRegistry   rawSpec: '',
35 silly mapToRegistry   spec: 'latest',
35 silly mapToRegistry   type: 'tag' }
36 silly mapToRegistry uri https://registry.npmjs.org/rest
37 silly fetchNamedPackageData webpack
38 silly mapToRegistry name webpack
39 silly mapToRegistry using default registry
40 silly mapToRegistry registry https://registry.npmjs.org/
41 silly mapToRegistry data Result {
41 silly mapToRegistry   raw: 'webpack',
41 silly mapToRegistry   scope: null,
41 silly mapToRegistry   name: 'webpack',
41 silly mapToRegistry   rawSpec: '',
41 silly mapToRegistry   spec: 'latest',
41 silly mapToRegistry   type: 'tag' }
42 silly mapToRegistry uri https://registry.npmjs.org/webpack
43 verbose request uri https://registry.npmjs.org/react
44 verbose request no auth needed
45 info attempt registry request try #1 at 20:10:14
46 verbose request id 14d3229715e9b928
47 http request GET https://registry.npmjs.org/react
48 verbose request uri https://registry.npmjs.org/react-dom
49 verbose request no auth needed
50 info attempt registry request try #1 at 20:10:14
51 http request GET https://registry.npmjs.org/react-dom
52 verbose request uri https://registry.npmjs.org/rest
53 verbose request no auth needed
54 info attempt registry request try #1 at 20:10:14
55 http request GET https://registry.npmjs.org/rest
56 verbose request uri https://registry.npmjs.org/webpack
57 verbose request no auth needed
58 info attempt registry request try #1 at 20:10:14
59 http request GET https://registry.npmjs.org/webpack
60 info retry will retry, error on last attempt: Error: tunneling socket could not be established, cause=connect ETIMEDOUT 80.78.6.10:8080
61 info retry will retry, error on last attempt: Error: tunneling socket could not be established, cause=connect ETIMEDOUT 80.78.6.10:8080
62 info retry will retry, error on last attempt: Error: tunneling socket could not be established, cause=connect ETIMEDOUT 80.78.6.10:8080
63 info retry will retry, error on last attempt: Error: tunneling socket could not be established, cause=connect ETIMEDOUT 80.78.6.10:8080
64 info attempt registry request try #2 at 20:10:45
65 http request GET https://registry.npmjs.org/react
66 info attempt registry request try #2 at 20:10:45
67 http request GET https://registry.npmjs.org/webpack
68 info attempt registry request try #2 at 20:10:45
69 http request GET https://registry.npmjs.org/rest
70 info attempt registry request try #2 at 20:10:45
71 http request GET https://registry.npmjs.org/react-dom
72 info retry will retry, error on last attempt: Error: tunneling socket could not be established, cause=connect ETIMEDOUT 80.78.6.10:8080
73 info retry will retry, error on last attempt: Error: tunneling socket could not be established, cause=connect ETIMEDOUT 80.78.6.10:8080
74 info retry will retry, error on last attempt: Error: tunneling socket could not be established, cause=connect ETIMEDOUT 80.78.6.10:8080
75 info retry will retry, error on last attempt: Error: tunneling socket could not be established, cause=connect ETIMEDOUT 80.78.6.10:8080
76 info attempt registry request try #3 at 20:12:06
77 http request GET https://registry.npmjs.org/rest
78 info attempt registry request try #3 at 20:12:06
79 http request GET https://registry.npmjs.org/react
80 info attempt registry request try #3 at 20:12:06
81 http request GET https://registry.npmjs.org/webpack
82 info attempt registry request try #3 at 20:12:06
83 http request GET https://registry.npmjs.org/react-dom
84 silly fetchPackageMetaData Error: tunneling socket could not be established, cause=connect ETIMEDOUT 80.78.6.10:8080
84 silly fetchPackageMetaData     at ClientRequest.onError (C:\WORKSPACE_PERSO\vrRanking\target\node\node_modules\npm\node_modules\request\node_modules\tunnel-agent\index.js:176:17)
84 silly fetchPackageMetaData     at ClientRequest.g (events.js:292:16)
84 silly fetchPackageMetaData     at emitOne (events.js:96:13)
84 silly fetchPackageMetaData     at ClientRequest.emit (events.js:188:7)
84 silly fetchPackageMetaData     at Socket.socketErrorListener (_http_client.js:309:9)
84 silly fetchPackageMetaData     at emitOne (events.js:96:13)
84 silly fetchPackageMetaData     at Socket.emit (events.js:188:7)
84 silly fetchPackageMetaData     at emitErrorNT (net.js:1281:8)
84 silly fetchPackageMetaData     at _combinedTickCallback (internal/process/next_tick.js:74:11)
84 silly fetchPackageMetaData     at process._tickCallback (internal/process/next_tick.js:98:9)
84 silly fetchPackageMetaData  error for react@^15.4.1 { Error: tunneling socket could not be established, cause=connect ETIMEDOUT 80.78.6.10:8080
84 silly fetchPackageMetaData     at ClientRequest.onError (C:\WORKSPACE_PERSO\vrRanking\target\node\node_modules\npm\node_modules\request\node_modules\tunnel-agent\index.js:176:17)
84 silly fetchPackageMetaData     at ClientRequest.g (events.js:292:16)
84 silly fetchPackageMetaData     at emitOne (events.js:96:13)
84 silly fetchPackageMetaData     at ClientRequest.emit (events.js:188:7)
84 silly fetchPackageMetaData     at Socket.socketErrorListener (_http_client.js:309:9)
84 silly fetchPackageMetaData     at emitOne (events.js:96:13)
84 silly fetchPackageMetaData     at Socket.emit (events.js:188:7)
84 silly fetchPackageMetaData     at emitErrorNT (net.js:1281:8)
84 silly fetchPackageMetaData     at _combinedTickCallback (internal/process/next_tick.js:74:11)
84 silly fetchPackageMetaData     at process._tickCallback (internal/process/next_tick.js:98:9) code: 'ECONNRESET' }
85 silly fetchPackageMetaData Error: tunneling socket could not be established, cause=connect ETIMEDOUT 80.78.6.10:8080
85 silly fetchPackageMetaData     at ClientRequest.onError (C:\WORKSPACE_PERSO\vrRanking\target\node\node_modules\npm\node_modules\request\node_modules\tunnel-agent\index.js:176:17)
85 silly fetchPackageMetaData     at ClientRequest.g (events.js:292:16)
85 silly fetchPackageMetaData     at emitOne (events.js:96:13)
85 silly fetchPackageMetaData     at ClientRequest.emit (events.js:188:7)
85 silly fetchPackageMetaData     at Socket.socketErrorListener (_http_client.js:309:9)
85 silly fetchPackageMetaData     at emitOne (events.js:96:13)
85 silly fetchPackageMetaData     at Socket.emit (events.js:188:7)
85 silly fetchPackageMetaData     at emitErrorNT (net.js:1281:8)
85 silly fetchPackageMetaData     at _combinedTickCallback (internal/process/next_tick.js:74:11)
85 silly fetchPackageMetaData     at process._tickCallback (internal/process/next_tick.js:98:9)
85 silly fetchPackageMetaData  error for rest@^2.0.0 { Error: tunneling socket could not be established, cause=connect ETIMEDOUT 80.78.6.10:8080
85 silly fetchPackageMetaData     at ClientRequest.onError (C:\WORKSPACE_PERSO\vrRanking\target\node\node_modules\npm\node_modules\request\node_modules\tunnel-agent\index.js:176:17)
85 silly fetchPackageMetaData     at ClientRequest.g (events.js:292:16)
85 silly fetchPackageMetaData     at emitOne (events.js:96:13)
85 silly fetchPackageMetaData     at ClientRequest.emit (events.js:188:7)
85 silly fetchPackageMetaData     at Socket.socketErrorListener (_http_client.js:309:9)
85 silly fetchPackageMetaData     at emitOne (events.js:96:13)
85 silly fetchPackageMetaData     at Socket.emit (events.js:188:7)
85 silly fetchPackageMetaData     at emitErrorNT (net.js:1281:8)
85 silly fetchPackageMetaData     at _combinedTickCallback (internal/process/next_tick.js:74:11)
85 silly fetchPackageMetaData     at process._tickCallback (internal/process/next_tick.js:98:9) code: 'ECONNRESET' }
86 silly fetchPackageMetaData Error: tunneling socket could not be established, cause=connect ETIMEDOUT 80.78.6.10:8080
86 silly fetchPackageMetaData     at ClientRequest.onError (C:\WORKSPACE_PERSO\vrRanking\target\node\node_modules\npm\node_modules\request\node_modules\tunnel-agent\index.js:176:17)
86 silly fetchPackageMetaData     at ClientRequest.g (events.js:292:16)
86 silly fetchPackageMetaData     at emitOne (events.js:96:13)
86 silly fetchPackageMetaData     at ClientRequest.emit (events.js:188:7)
86 silly fetchPackageMetaData     at Socket.socketErrorListener (_http_client.js:309:9)
86 silly fetchPackageMetaData     at emitOne (events.js:96:13)
86 silly fetchPackageMetaData     at Socket.emit (events.js:188:7)
86 silly fetchPackageMetaData     at emitErrorNT (net.js:1281:8)
86 silly fetchPackageMetaData     at _combinedTickCallback (internal/process/next_tick.js:74:11)
86 silly fetchPackageMetaData     at process._tickCallback (internal/process/next_tick.js:98:9)
86 silly fetchPackageMetaData  error for react-dom@^15.4.1 { Error: tunneling socket could not be established, cause=connect ETIMEDOUT 80.78.6.10:8080
86 silly fetchPackageMetaData     at ClientRequest.onError (C:\WORKSPACE_PERSO\vrRanking\target\node\node_modules\npm\node_modules\request\node_modules\tunnel-agent\index.js:176:17)
86 silly fetchPackageMetaData     at ClientRequest.g (events.js:292:16)
86 silly fetchPackageMetaData     at emitOne (events.js:96:13)
86 silly fetchPackageMetaData     at ClientRequest.emit (events.js:188:7)
86 silly fetchPackageMetaData     at Socket.socketErrorListener (_http_client.js:309:9)
86 silly fetchPackageMetaData     at emitOne (events.js:96:13)
86 silly fetchPackageMetaData     at Socket.emit (events.js:188:7)
86 silly fetchPackageMetaData     at emitErrorNT (net.js:1281:8)
86 silly fetchPackageMetaData     at _combinedTickCallback (internal/process/next_tick.js:74:11)
86 silly fetchPackageMetaData     at process._tickCallback (internal/process/next_tick.js:98:9) code: 'ECONNRESET' }
87 silly fetchPackageMetaData Error: tunneling socket could not be established, cause=connect ETIMEDOUT 80.78.6.10:8080
87 silly fetchPackageMetaData     at ClientRequest.onError (C:\WORKSPACE_PERSO\vrRanking\target\node\node_modules\npm\node_modules\request\node_modules\tunnel-agent\index.js:176:17)
87 silly fetchPackageMetaData     at ClientRequest.g (events.js:292:16)
87 silly fetchPackageMetaData     at emitOne (events.js:96:13)
87 silly fetchPackageMetaData     at ClientRequest.emit (events.js:188:7)
87 silly fetchPackageMetaData     at Socket.socketErrorListener (_http_client.js:309:9)
87 silly fetchPackageMetaData     at emitOne (events.js:96:13)
87 silly fetchPackageMetaData     at Socket.emit (events.js:188:7)
87 silly fetchPackageMetaData     at emitErrorNT (net.js:1281:8)
87 silly fetchPackageMetaData     at _combinedTickCallback (internal/process/next_tick.js:74:11)
87 silly fetchPackageMetaData     at process._tickCallback (internal/process/next_tick.js:98:9)
87 silly fetchPackageMetaData  error for webpack@^1.13.3 { Error: tunneling socket could not be established, cause=connect ETIMEDOUT 80.78.6.10:8080
87 silly fetchPackageMetaData     at ClientRequest.onError (C:\WORKSPACE_PERSO\vrRanking\target\node\node_modules\npm\node_modules\request\node_modules\tunnel-agent\index.js:176:17)
87 silly fetchPackageMetaData     at ClientRequest.g (events.js:292:16)
87 silly fetchPackageMetaData     at emitOne (events.js:96:13)
87 silly fetchPackageMetaData     at ClientRequest.emit (events.js:188:7)
87 silly fetchPackageMetaData     at Socket.socketErrorListener (_http_client.js:309:9)
87 silly fetchPackageMetaData     at emitOne (events.js:96:13)
87 silly fetchPackageMetaData     at Socket.emit (events.js:188:7)
87 silly fetchPackageMetaData     at emitErrorNT (net.js:1281:8)
87 silly fetchPackageMetaData     at _combinedTickCallback (internal/process/next_tick.js:74:11)
87 silly fetchPackageMetaData     at process._tickCallback (internal/process/next_tick.js:98:9) code: 'ECONNRESET' }
88 silly rollbackFailedOptional Starting
89 silly rollbackFailedOptional Finishing
90 silly runTopLevelLifecycles Starting
91 silly runTopLevelLifecycles Finishing
92 silly install printInstalled
93 verbose stack Error: tunneling socket could not be established, cause=connect ETIMEDOUT 80.78.6.10:8080
93 verbose stack     at ClientRequest.onError (C:\WORKSPACE_PERSO\vrRanking\target\node\node_modules\npm\node_modules\request\node_modules\tunnel-agent\index.js:176:17)
93 verbose stack     at ClientRequest.g (events.js:292:16)
93 verbose stack     at emitOne (events.js:96:13)
93 verbose stack     at ClientRequest.emit (events.js:188:7)
93 verbose stack     at Socket.socketErrorListener (_http_client.js:309:9)
93 verbose stack     at emitOne (events.js:96:13)
93 verbose stack     at Socket.emit (events.js:188:7)
93 verbose stack     at emitErrorNT (net.js:1281:8)
93 verbose stack     at _combinedTickCallback (internal/process/next_tick.js:74:11)
93 verbose stack     at process._tickCallback (internal/process/next_tick.js:98:9)
94 verbose cwd C:\WORKSPACE_PERSO\vrRanking
95 error Windows_NT 6.1.7601
96 error argv "C:\\WORKSPACE_PERSO\\vrRanking\\target\\node\\node.exe" "C:\\WORKSPACE_PERSO\\vrRanking\\target\\node\\node_modules\\npm\\bin\\npm-cli.js" "install"
97 error node v7.2.0
98 error npm  v3.9.2
99 error code ECONNRESET
100 error network tunneling socket could not be established, cause=connect ETIMEDOUT 80.78.6.10:8080
101 error network This is most likely not a problem with npm itself
101 error network and is related to network connectivity.
101 error network In most cases you are behind a proxy or have bad network settings.
101 error network
101 error network If you are behind a proxy, please make sure that the
101 error network 'proxy' config is set properly.  See: 'npm help config'
102 verbose exit [ 1, true ]
